[2013-11-25 17:35:52] START
[2013-11-25 17:49:54] EDIT questoes/models/db.py: -7
[2013-11-25 18:00:41] EDIT questoes/models/db.py: 6
[2013-11-25 18:00:53] EDIT questoes/models/db.py: 0
[2013-11-25 18:12:29] EDIT questoes/models/db.py: 0
[2013-11-25 18:13:09] EDIT questoes/models/db.py: -6
[2013-11-25 18:13:39] EDIT questoes/models/db.py: 6
[2013-11-25 18:15:08] EDIT questoes/models/db.py: 0
[2013-11-27 20:38:23] EDIT questoes/models/db.py: 18
[2013-11-27 20:46:45] EDIT questoes/models/db.py: 3
[2013-12-02 17:23:58] EDIT questoes/models/db.py: 10
[2013-12-02 17:50:43] EDIT questoes/models/db.py: -10
[2013-12-02 18:14:10] EDIT questoes/models/db.py: 15
[2013-12-02 18:15:50] EDIT questoes/models/db.py: 0
[2013-12-02 18:16:36] EDIT questoes/models/db.py: 0
[2013-12-02 18:17:48] EDIT questoes/models/db.py: 1
[2013-12-02 18:17:57] EDIT questoes/models/db.py: 0
[2013-12-02 18:18:38] EDIT questoes/models/db.py: 0
[2013-12-16 18:23:38] EDIT questoes/controllers/default.py: 7
[2013-12-16 18:24:22] EDIT questoes/controllers/default.py: 1
[2013-12-16 19:08:24] EDIT questoes/controllers/default.py: -11
[2013-12-16 19:08:27] EDIT questoes/controllers/default.py: 0
