timestamp: 2013-10-04T13:18:46.722311
CREATE TABLE auth_user(
    id INTEGER PRIMARY KEY AUTOINCREMENT,
    first_name CHAR(128),
    last_name CHAR(128),
    email CHAR(512),
    username CHAR(128),
    password CHAR(512),
    registration_key CHAR(512),
    reset_password_key CHAR(512),
    registration_id CHAR(512)
);
success!
timestamp: 2013-10-04T13:18:46.782301
CREATE TABLE auth_group(
    id INTEGER PRIMARY KEY AUTOINCREMENT,
    role CHAR(512),
    description TEXT
);
success!
timestamp: 2013-10-04T13:18:46.836776
CREATE TABLE auth_membership(
    id INTEGER PRIMARY KEY AUTOINCREMENT,
    user_id INTEGER REFERENCES auth_user (id) ON DELETE CASCADE,
    group_id INTEGER REFERENCES auth_group (id) ON DELETE CASCADE
);
success!
timestamp: 2013-10-04T13:18:47.089739
CREATE TABLE auth_permission(
    id INTEGER PRIMARY KEY AUTOINCREMENT,
    group_id INTEGER REFERENCES auth_group (id) ON DELETE CASCADE,
    name CHAR(512),
    table_name CHAR(512),
    record_id INTEGER
);
success!
timestamp: 2013-10-04T13:18:47.150398
CREATE TABLE auth_event(
    id INTEGER PRIMARY KEY AUTOINCREMENT,
    time_stamp TIMESTAMP,
    client_ip CHAR(512),
    user_id INTEGER REFERENCES auth_user (id) ON DELETE CASCADE,
    origin CHAR(512),
    description TEXT
);
success!
timestamp: 2013-10-04T13:18:47.208784
CREATE TABLE auth_cas(
    id INTEGER PRIMARY KEY AUTOINCREMENT,
    user_id INTEGER REFERENCES auth_user (id) ON DELETE CASCADE,
    created_on TIMESTAMP,
    service CHAR(512),
    ticket CHAR(512),
    renew CHAR(1)
);
success!
timestamp: 2013-10-04T13:18:47.262996
CREATE TABLE musica(
    id INTEGER PRIMARY KEY AUTOINCREMENT,
    user CHAR(512),
    musica CHAR(512),
    banda CHAR(512),
    created_on TIMESTAMP,
    editado CHAR(512)
);
success!
timestamp: 2013-10-05T18:46:31.353171
CREATE TABLE musica(
    id INTEGER PRIMARY KEY AUTOINCREMENT,
    user CHAR(512),
    musica CHAR(512),
    banda CHAR(512),
    created_on TIMESTAMP,
    editado CHAR(512)
);
timestamp: 2013-10-05T18:53:24.288836
CREATE TABLE musica(
    id INTEGER PRIMARY KEY AUTOINCREMENT,
    user CHAR(512),
    musica CHAR(512),
    banda CHAR(512),
    created_on TIMESTAMP,
    editado CHAR(512)
);
timestamp: 2013-10-05T18:53:57.495546
CREATE TABLE musica(
    id INTEGER PRIMARY KEY AUTOINCREMENT,
    user CHAR(512),
    musica CHAR(512),
    banda CHAR(512),
    created_on TIMESTAMP,
    editado CHAR(512)
);
timestamp: 2013-10-05T18:56:37.205471
CREATE TABLE musica(
    id INTEGER PRIMARY KEY AUTOINCREMENT,
    user CHAR(512),
    musica CHAR(512),
    banda CHAR(512),
    created_on TIMESTAMP,
    editado CHAR(512)
);
timestamp: 2013-10-05T18:57:01.179110
CREATE TABLE musica(
    id INTEGER PRIMARY KEY AUTOINCREMENT,
    user CHAR(512),
    musica CHAR(512),
    banda CHAR(512),
    created_on TIMESTAMP,
    editado CHAR(512)
);
timestamp: 2013-10-05T18:59:24.888259
CREATE TABLE music(
    id INTEGER PRIMARY KEY AUTOINCREMENT,
    user CHAR(512),
    musica CHAR(512),
    banda CHAR(512),
    created_on TIMESTAMP,
    editado CHAR(512)
);
success!
timestamp: 2013-10-05T19:13:55.185981
ALTER TABLE music ADD url CHAR(512);
