[2013-10-04 13:08:36] START
[2013-10-04 13:10:15] EDIT Cifras/controllers/default.py: 25
[2013-10-04 13:10:49] EDIT Cifras/models/db.py: 101
[2013-10-04 13:11:28] EDIT Cifras/models/db.py: -108
[2013-10-04 13:12:09] EDIT Cifras/models/menu.py: 1
[2013-10-04 13:13:15] CREATE default/cifra.html: 0
[2013-10-04 13:13:35] EDIT Cifras/views/default/cifra.html: 41
[2013-10-04 13:14:03] EDIT Cifras/views/default/index.html: 52
[2013-10-04 13:15:31] CREATE css/cifra.css: 0
[2013-10-04 13:15:37] EDIT Cifras/static/css/cifra.css: 84
[2013-10-04 13:16:32] UPLOAD /home/jbtte/web2py/applications/Cifras/static/images/logo_minhascifras.png: 819
[2013-10-04 13:17:00] CREATE cifra_club.py: 0
[2013-10-04 13:17:19] EDIT Cifras/modules/cifra_club.py: 36
[2013-10-04 13:17:40] CREATE evernote_song.py: 0
[2013-10-04 13:18:00] EDIT Cifras/modules/evernote_song.py: 44
[2013-10-04 13:22:26] EDIT Cifras/views/default/index.html: 1
[2013-10-04 13:23:56] EDIT Cifras/views/default/index.html: 0
[2013-10-04 13:24:07] EDIT Cifras/views/default/index.html: 0
[2013-10-04 13:24:09] EDIT Cifras/views/default/index.html: 0
[2013-10-04 13:24:29] EDIT Cifras/views/default/index.html: 0
[2013-10-04 13:24:31] EDIT Cifras/views/default/index.html: 0
[2013-10-04 13:24:43] EDIT Cifras/views/default/index.html: 0
[2013-10-04 13:25:12] EDIT Cifras/views/default/index.html: -1
[2013-10-04 14:54:42] EDIT Cifras/views/default/index.html: 0
[2013-10-04 14:54:54] EDIT Cifras/views/default/index.html: 0
[2013-10-04 14:55:17] EDIT Cifras/views/default/index.html: 0
[2013-10-04 14:56:02] EDIT Cifras/views/default/index.html: -1
[2013-10-04 14:56:03] EDIT Cifras/views/default/index.html: 0
[2013-10-04 14:56:31] EDIT Cifras/views/default/index.html: 0
[2013-10-04 15:28:15] EDIT Cifras/modules/cifra_club.py: 0
[2013-10-04 16:25:54] EDIT Cifras/views/layout.html: 1
[2013-10-04 20:30:36] EDIT Cifras/static/css/cifra.css: -32
[2013-10-04 20:34:29] EDIT Cifras/views/default/cifra.html: 0
[2013-10-04 20:35:00] EDIT Cifras/views/default/cifra.html: 0
[2013-10-04 20:35:27] EDIT Cifras/views/default/cifra.html: 1
[2013-10-04 20:35:28] EDIT Cifras/views/default/cifra.html: 0
[2013-10-04 20:35:30] EDIT Cifras/views/default/cifra.html: 0
[2013-10-04 21:57:24] EDIT Cifras/modules/evernote_song.py: 0
[2013-10-04 21:58:06] EDIT Cifras/controllers/default.py: 0
[2013-10-04 22:02:57] EDIT Cifras/controllers/default.py: 0
[2013-10-04 22:17:40] EDIT Cifras/modules/evernote_song.py: 0
[2013-10-04 22:21:19] UPLOAD /home/jbtte/web2py/applications/Cifras/static/images/pdf_icon.png: 47
[2013-10-04 22:21:42] UPLOAD /home/jbtte/web2py/applications/Cifras/static/images/evernoteicon.png: 205
[2013-10-04 22:28:26] EDIT Cifras/static/css/cifra.css: 0
[2013-10-04 22:29:20] EDIT Cifras/static/css/cifra.css: 0
[2013-10-04 22:51:11] EDIT Cifras/static/css/cifra.css: 2
[2013-10-04 22:52:38] EDIT Cifras/views/default/cifra.html: 0
[2013-10-05 13:09:47] EDIT Cifras/static/css/cifra.css: 1
[2013-10-05 13:10:13] EDIT Cifras/static/css/cifra.css: 1
[2013-10-05 13:10:37] EDIT Cifras/static/css/cifra.css: 1
[2013-10-05 13:10:39] EDIT Cifras/static/css/cifra.css: 0
[2013-10-05 13:10:52] EDIT Cifras/static/css/cifra.css: 0
[2013-10-05 13:11:13] EDIT Cifras/static/css/cifra.css: -3
[2013-10-05 13:12:25] EDIT Cifras/static/css/cifra.css: 3
[2013-10-05 13:12:53] EDIT Cifras/static/css/cifra.css: -1
[2013-10-05 13:12:58] EDIT Cifras/static/css/cifra.css: 0
[2013-10-05 13:13:09] EDIT Cifras/static/css/cifra.css: 0
[2013-10-05 13:13:10] EDIT Cifras/static/css/cifra.css: 0
[2013-10-05 13:19:22] EDIT Cifras/models/db.py: 0
[2013-10-05 14:26:26] EDIT Cifras/models/db.py: 0
[2013-10-05 18:16:08] EDIT Cifras/models/db.py: -1
[2013-10-05 18:21:27] EDIT Cifras/models/db.py: 1
[2013-10-05 18:21:29] EDIT Cifras/models/db.py: 0
[2013-10-05 18:24:13] EDIT Cifras/models/db.py: 0
[2013-10-05 18:27:46] EDIT Cifras/models/db.py: 0
[2013-10-05 18:28:10] EDIT Cifras/models/db.py: 0
[2013-10-05 18:29:43] EDIT Cifras/models/db.py: 0
[2013-10-05 18:30:19] EDIT Cifras/models/db.py: 0
[2013-10-05 18:32:00] EDIT Cifras/models/db.py: 0
[2013-10-05 18:32:06] EDIT Cifras/models/db.py: 0
[2013-10-05 18:46:20] EDIT Cifras/models/db.py: 1
[2013-10-05 19:13:24] EDIT Cifras/controllers/default.py: 1
[2013-10-05 19:13:49] EDIT Cifras/models/db.py: 1
[2013-10-05 19:19:04] EDIT Cifras/controllers/default.py: 0
[2013-10-05 19:19:55] EDIT Cifras/models/db.py: 0
[2013-10-05 19:23:16] EDIT Cifras/models/db.py: 0
[2013-10-05 19:24:11] EDIT Cifras/models/db.py: 0
[2013-10-05 19:26:03] EDIT Cifras/models/db.py: 0
[2013-10-05 19:26:33] EDIT Cifras/models/db.py: 0
[2013-10-05 19:26:34] EDIT Cifras/models/db.py: 0
[2013-10-05 19:29:31] EDIT Cifras/views/default/index.html: 0
[2013-10-05 19:34:41] EDIT Cifras/views/default/index.html: 0
[2013-10-05 21:49:09] EDIT Cifras/models/db.py: 0
[2013-10-05 21:53:53] EDIT Cifras/views/default/index.html: 0
[2013-10-05 21:56:25] EDIT Cifras/views/default/index.html: 0
[2013-10-05 21:56:53] EDIT Cifras/views/default/index.html: 0
[2013-10-05 22:00:02] EDIT Cifras/views/default/index.html: 0
[2013-10-05 22:00:35] EDIT Cifras/views/default/index.html: 0
[2013-10-05 22:00:42] EDIT Cifras/views/default/index.html: 0
[2013-10-05 22:04:14] EDIT Cifras/views/default/index.html: 1
[2013-10-05 22:04:16] EDIT Cifras/views/default/index.html: 0
[2013-10-05 22:04:35] EDIT Cifras/views/default/index.html: 0
[2013-10-05 22:04:50] EDIT Cifras/views/default/index.html: -1
[2013-10-05 22:05:30] EDIT Cifras/views/default/index.html: 0
[2013-10-05 22:08:21] EDIT Cifras/models/db.py: -1
[2013-10-05 22:09:38] EDIT Cifras/views/default/index.html: 0
[2013-10-05 22:10:50] EDIT Cifras/views/default/index.html: 1
[2013-10-05 22:12:13] EDIT Cifras/views/default/index.html: 0
[2013-10-05 22:12:47] EDIT Cifras/views/default/index.html: -1
[2013-10-05 22:12:48] EDIT Cifras/views/default/index.html: 0
[2013-10-05 22:13:38] EDIT Cifras/views/default/index.html: 0
[2013-10-05 22:14:18] EDIT Cifras/views/default/index.html: 0
[2013-10-05 22:18:05] EDIT Cifras/views/default/index.html: 0
[2013-10-05 22:18:06] EDIT Cifras/views/default/index.html: 0
[2013-10-05 22:21:49] EDIT Cifras/controllers/default.py: 0
[2013-10-05 22:22:08] CREATE default/ever.html: 0
[2013-10-05 22:23:19] EDIT Cifras/views/default/cifra.html: 2
[2013-10-05 22:43:28] EDIT Cifras/views/default/cifra.html: 0
[2013-10-05 22:44:38] EDIT Cifras/views/default/cifra.html: 0
[2013-10-05 22:45:29] EDIT Cifras/views/default/cifra.html: 2
[2013-10-05 22:45:59] EDIT Cifras/static/css/cifra.css: 2
[2013-10-05 22:46:12] EDIT Cifras/static/css/cifra.css: 0
[2013-10-05 22:46:17] EDIT Cifras/static/css/cifra.css: 0
[2013-10-05 22:46:18] EDIT Cifras/static/css/cifra.css: 0
[2013-10-05 22:47:04] EDIT Cifras/static/css/cifra.css: 1
[2013-10-05 22:48:26] EDIT Cifras/static/css/cifra.css: 1
[2013-10-05 22:48:35] EDIT Cifras/static/css/cifra.css: 0
[2013-10-05 22:48:36] EDIT Cifras/static/css/cifra.css: 0
[2013-10-05 22:48:59] EDIT Cifras/static/css/cifra.css: 1
[2013-10-05 22:49:18] EDIT Cifras/static/css/cifra.css: 1
[2013-10-05 22:49:20] EDIT Cifras/static/css/cifra.css: 0
[2013-10-05 22:49:37] EDIT Cifras/static/css/cifra.css: 0
[2013-10-05 22:50:36] EDIT Cifras/static/css/cifra.css: 2
[2013-10-05 22:54:12] EDIT Cifras/controllers/default.py: 0
[2013-10-05 22:54:31] EDIT Cifras/views/default/cifra.html: -4
[2013-10-05 22:55:09] EDIT Cifras/static/css/cifra.css: -1
[2013-10-05 22:55:33] EDIT Cifras/controllers/default.py: 0
[2013-10-05 22:56:29] EDIT Cifras/static/css/cifra.css: -1
[2013-10-05 22:56:56] EDIT Cifras/static/css/cifra.css: -2
[2013-10-05 22:58:51] EDIT Cifras/views/layout.html: 0
[2013-10-05 23:02:02] EDIT Cifras/views/default/cifra.html: 2
[2013-10-05 23:04:12] EDIT Cifras/static/css/cifra.css: 13
[2013-10-05 23:05:24] EDIT Cifras/views/default/cifra.html: 1
[2013-10-05 23:05:53] EDIT Cifras/static/css/cifra.css: -1
[2013-10-05 23:06:32] EDIT Cifras/static/css/cifra.css: 0
[2013-10-05 23:06:46] EDIT Cifras/static/css/cifra.css: 0
[2013-10-05 23:06:55] EDIT Cifras/static/css/cifra.css: 0
[2013-10-05 23:07:18] EDIT Cifras/static/css/cifra.css: 0
[2013-10-05 23:07:44] EDIT Cifras/static/css/cifra.css: 0
[2013-10-05 23:07:58] EDIT Cifras/static/css/cifra.css: -1
[2013-10-05 23:08:35] EDIT Cifras/static/css/cifra.css: 0
[2013-10-05 23:09:01] EDIT Cifras/static/css/cifra.css: 0
[2013-10-05 23:09:22] EDIT Cifras/static/css/cifra.css: 0
[2013-10-05 23:09:36] EDIT Cifras/static/css/cifra.css: 0
[2013-10-05 23:09:47] EDIT Cifras/static/css/cifra.css: 0
[2013-10-05 23:09:56] EDIT Cifras/static/css/cifra.css: 0
[2013-10-05 23:10:01] EDIT Cifras/static/css/cifra.css: 0
[2013-10-05 23:10:14] EDIT Cifras/static/css/cifra.css: 0
[2013-10-05 23:10:26] EDIT Cifras/static/css/cifra.css: 0
[2013-10-05 23:10:47] EDIT Cifras/static/css/cifra.css: -1
[2013-10-05 23:11:01] EDIT Cifras/static/css/cifra.css: 0
[2013-10-05 23:11:09] EDIT Cifras/static/css/cifra.css: 0
[2013-10-05 23:11:25] EDIT Cifras/static/css/cifra.css: 0
[2013-10-05 23:11:32] EDIT Cifras/static/css/cifra.css: 0
[2013-10-05 23:11:55] EDIT Cifras/static/css/cifra.css: 1
[2013-10-05 23:12:02] EDIT Cifras/static/css/cifra.css: 0
[2013-10-05 23:12:12] EDIT Cifras/static/css/cifra.css: 0
[2013-10-05 23:12:22] EDIT Cifras/static/css/cifra.css: 0
[2013-10-05 23:12:41] EDIT Cifras/static/css/cifra.css: 0
[2013-10-05 23:12:57] EDIT Cifras/static/css/cifra.css: 0
[2013-10-05 23:13:34] EDIT Cifras/static/css/cifra.css: 0
[2013-10-05 23:13:46] EDIT Cifras/static/css/cifra.css: 0
[2013-10-05 23:13:59] EDIT Cifras/static/css/cifra.css: 0
[2013-10-05 23:14:00] EDIT Cifras/static/css/cifra.css: 0
[2013-10-05 23:14:09] EDIT Cifras/static/css/cifra.css: 0
[2013-10-05 23:14:37] EDIT Cifras/static/css/cifra.css: 0
[2013-10-05 23:15:07] EDIT Cifras/static/css/cifra.css: 0
[2013-10-05 23:16:13] EDIT Cifras/static/css/cifra.css: 0
[2013-10-05 23:18:37] EDIT Cifras/static/css/cifra.css: -1
[2013-10-05 23:18:56] EDIT Cifras/static/css/cifra.css: 0
[2013-10-05 23:19:07] EDIT Cifras/static/css/cifra.css: 0
[2013-10-05 23:19:32] EDIT Cifras/static/css/cifra.css: 1
[2013-10-05 23:19:41] EDIT Cifras/static/css/cifra.css: 0
[2013-10-05 23:20:29] EDIT Cifras/static/css/cifra.css: 0
[2013-10-05 23:20:50] EDIT Cifras/static/css/cifra.css: -1
[2013-10-05 23:22:41] EDIT Cifras/static/css/cifra.css: 1
[2013-10-05 23:22:52] EDIT Cifras/static/css/cifra.css: 0
[2013-10-05 23:23:09] EDIT Cifras/static/css/cifra.css: 0
[2013-10-05 23:23:25] EDIT Cifras/static/css/cifra.css: 0
[2013-10-05 23:24:39] EDIT Cifras/static/css/cifra.css: 0
[2013-10-05 23:24:49] EDIT Cifras/static/css/cifra.css: 0
[2013-10-05 23:25:30] EDIT Cifras/static/css/cifra.css: -1
[2013-10-05 23:25:44] EDIT Cifras/static/css/cifra.css: 1
[2013-10-05 23:25:52] EDIT Cifras/static/css/cifra.css: 0
[2013-10-05 23:25:59] EDIT Cifras/static/css/cifra.css: 0
[2013-10-05 23:26:11] EDIT Cifras/static/css/cifra.css: 0
[2013-10-05 23:26:20] EDIT Cifras/static/css/cifra.css: 0
[2013-10-05 23:27:03] EDIT Cifras/static/css/cifra.css: 1
[2013-10-05 23:28:23] EDIT Cifras/static/css/cifra.css: -1
[2013-10-05 23:28:51] EDIT Cifras/static/css/cifra.css: 2
[2013-10-05 23:29:11] EDIT Cifras/static/css/cifra.css: 0
[2013-10-05 23:29:31] EDIT Cifras/static/css/cifra.css: 1
[2013-10-05 23:29:42] EDIT Cifras/static/css/cifra.css: 0
[2013-10-05 23:29:56] EDIT Cifras/static/css/cifra.css: 0
[2013-10-05 23:30:06] EDIT Cifras/static/css/cifra.css: 0
[2013-10-05 23:30:16] EDIT Cifras/static/css/cifra.css: 0
[2013-10-05 23:30:30] EDIT Cifras/static/css/cifra.css: 0
[2013-10-05 23:30:49] EDIT Cifras/static/css/cifra.css: 0
[2013-10-05 23:31:00] EDIT Cifras/static/css/cifra.css: 0
[2013-10-05 23:31:06] EDIT Cifras/static/css/cifra.css: 0
[2013-10-05 23:31:18] EDIT Cifras/static/css/cifra.css: 0
[2013-10-05 23:31:29] EDIT Cifras/static/css/cifra.css: -1
[2013-10-05 23:31:39] EDIT Cifras/static/css/cifra.css: 1
[2013-10-05 23:32:03] EDIT Cifras/static/css/cifra.css: -1
[2013-10-05 23:32:55] EDIT Cifras/static/css/cifra.css: 1
[2013-10-05 23:33:25] EDIT Cifras/static/css/cifra.css: 0
[2013-10-05 23:33:32] EDIT Cifras/static/css/cifra.css: 0
[2013-10-05 23:33:48] EDIT Cifras/static/css/cifra.css: 0
[2013-10-05 23:34:15] EDIT Cifras/static/css/cifra.css: 1
[2013-10-05 23:34:39] EDIT Cifras/static/css/cifra.css: 1
[2013-10-05 23:34:50] EDIT Cifras/static/css/cifra.css: -2
[2013-10-05 23:36:14] EDIT Cifras/static/css/cifra.css: 0
[2013-10-05 23:36:47] EDIT Cifras/static/css/cifra.css: 0
[2013-10-05 23:36:57] EDIT Cifras/static/css/cifra.css: 0
[2013-10-05 23:37:49] EDIT Cifras/static/css/cifra.css: 3
[2013-10-05 23:37:59] EDIT Cifras/static/css/cifra.css: 0
[2013-10-05 23:38:08] EDIT Cifras/static/css/cifra.css: 0
[2013-10-05 23:38:16] EDIT Cifras/static/css/cifra.css: 0
[2013-10-05 23:38:39] EDIT Cifras/static/css/cifra.css: 1
[2013-10-05 23:38:52] EDIT Cifras/static/css/cifra.css: 0
[2013-10-05 23:40:42] EDIT Cifras/static/css/cifra.css: 0
[2013-10-05 23:41:40] EDIT Cifras/static/css/cifra.css: 0
[2013-10-05 23:42:15] EDIT Cifras/static/css/cifra.css: -3
[2013-10-05 23:42:17] EDIT Cifras/static/css/cifra.css: 0
[2013-10-05 23:42:54] EDIT Cifras/static/css/cifra.css: -3
[2013-10-05 23:43:19] EDIT Cifras/static/css/cifra.css: 1
[2013-10-05 23:43:20] EDIT Cifras/static/css/cifra.css: 0
[2013-10-05 23:43:39] EDIT Cifras/static/css/cifra.css: -1
[2013-10-05 23:44:23] EDIT Cifras/static/css/cifra.css: 0
[2013-10-05 23:44:59] EDIT Cifras/static/css/cifra.css: 2
[2013-10-05 23:45:40] EDIT Cifras/static/css/cifra.css: -2
[2013-10-05 23:45:50] EDIT Cifras/static/css/cifra.css: 0
[2013-10-05 23:46:02] EDIT Cifras/static/css/cifra.css: -3
[2013-10-05 23:46:14] EDIT Cifras/static/css/cifra.css: 2
[2013-10-05 23:47:10] EDIT Cifras/views/default/cifra.html: 0
[2013-10-05 23:48:23] EDIT Cifras/static/css/cifra.css: 1
[2013-10-05 23:48:39] EDIT Cifras/static/css/cifra.css: 0
[2013-10-05 23:49:03] EDIT Cifras/static/css/cifra.css: -4
[2013-10-05 23:49:24] EDIT Cifras/static/css/cifra.css: -4
[2013-10-05 23:49:33] EDIT Cifras/static/css/cifra.css: 3
[2013-10-05 23:53:59] EDIT Cifras/views/default/cifra.html: 0
[2013-10-05 23:56:08] EDIT Cifras/views/default/cifra.html: 0
[2013-10-05 23:58:57] EDIT Cifras/views/default/cifra.html: 2
[2013-10-06 02:34:36] EDIT Cifras/modules/evernote_song.py: 0
[2013-10-06 02:37:22] EDIT Cifras/modules/evernote_song.py: 0
[2013-10-06 02:38:54] EDIT Cifras/modules/evernote_song.py: 0
[2013-10-06 02:39:25] EDIT Cifras/modules/evernote_song.py: 0
[2013-10-06 02:39:28] EDIT Cifras/modules/evernote_song.py: 0
[2013-10-06 02:41:40] EDIT Cifras/controllers/default.py: 0
[2013-10-06 02:42:15] EDIT Cifras/views/default/cifra.html: 0
[2013-10-06 02:43:23] EDIT Cifras/views/default/cifra.html: -2
[2013-10-06 02:53:58] EDIT Cifras/views/layout.html: 0
[2013-10-06 02:54:03] EDIT Cifras/views/layout.html: 0
[2013-10-06 02:56:30] EDIT Cifras/views/layout.html: 0
[2013-10-06 02:57:21] UPLOAD /home/jbtte/web2py/applications/Cifras/static/images/logo_favicon.ico: 6
[2013-10-06 03:03:52] EDIT Cifras/views/layout.html: 1
[2013-10-06 03:05:02] UPLOAD /home/jbtte/web2py/applications/Cifras/static/image/guitar.jpg: 405
[2013-10-06 03:05:11] DELETE Cifras/static/image/guitar.jpg: -405
[2013-10-06 03:05:36] UPLOAD /home/jbtte/web2py/applications/Cifras/static/images/guitar.jpg: 405
[2013-10-06 03:06:24] EDIT Cifras/static/css/cifra.css: 1
[2013-10-06 03:07:48] EDIT Cifras/static/css/cifra.css: 0
[2013-10-06 03:07:59] EDIT Cifras/static/css/cifra.css: 0
[2013-10-06 03:08:15] EDIT Cifras/static/css/cifra.css: -8
[2013-10-06 03:10:02] EDIT Cifras/static/css/cifra.css: 4
[2013-10-06 03:10:16] EDIT Cifras/static/css/cifra.css: 0
[2013-10-06 03:11:34] EDIT Cifras/static/css/cifra.css: 3
[2013-10-06 03:12:06] EDIT Cifras/static/css/cifra.css: 1
[2013-10-06 03:12:18] EDIT Cifras/static/css/cifra.css: 1
[2013-10-06 03:12:30] EDIT Cifras/static/css/cifra.css: 0
[2013-10-06 03:12:45] EDIT Cifras/static/css/cifra.css: 0
[2013-10-06 03:13:14] EDIT Cifras/static/css/cifra.css: 0
[2013-10-06 03:14:49] UPLOAD /home/jbtte/web2py/applications/Cifras/static/images/guitar2.jpg: 1355
[2013-10-06 03:15:39] EDIT Cifras/static/css/cifra.css: 0
[2013-10-06 03:15:50] EDIT Cifras/static/css/cifra.css: 0
[2013-10-06 18:32:44] UPLOAD /home/jbtte/web2py/applications/Cifras/static/image/guitar3.jpg: 293
[2013-10-06 18:32:58] EDIT Cifras/static/css/cifra.css: 0
[2013-10-06 18:33:22] EDIT Cifras/static/css/cifra.css: 0
[2013-10-06 18:33:38] DELETE Cifras/static/image/guitar3.jpg: -293
[2013-10-06 18:33:58] UPLOAD /home/jbtte/web2py/applications/Cifras/static/images/guitar3.jpg: 293
[2013-10-06 18:35:05] EDIT Cifras/views/layout.html: 0
[2013-10-06 18:35:51] EDIT Cifras/static/css/cifra.css: -1
[2013-10-06 18:36:03] EDIT Cifras/static/css/cifra.css: 0
[2013-10-06 18:36:14] EDIT Cifras/static/css/cifra.css: -1
[2013-10-06 18:36:24] EDIT Cifras/static/css/cifra.css: -2
[2013-10-06 18:36:38] EDIT Cifras/static/css/cifra.css: 1
[2013-10-06 18:36:57] EDIT Cifras/static/css/cifra.css: 0
[2013-10-06 18:37:26] EDIT Cifras/static/css/cifra.css: -3
[2013-10-06 18:37:29] EDIT Cifras/static/css/cifra.css: 0
[2013-10-06 18:38:20] EDIT Cifras/static/css/cifra.css: -4
[2013-10-06 18:38:29] EDIT Cifras/static/css/cifra.css: 0
[2013-10-06 18:38:31] EDIT Cifras/static/css/cifra.css: 0
[2013-10-06 18:38:33] EDIT Cifras/static/css/cifra.css: 0
[2013-10-06 18:38:41] EDIT Cifras/static/css/cifra.css: -2
[2013-10-06 18:40:13] EDIT Cifras/static/css/cifra.css: 0
[2013-10-06 18:42:31] EDIT Cifras/static/css/cifra.css: 3
[2013-10-06 18:42:57] EDIT Cifras/static/css/cifra.css: 1
[2013-10-06 18:43:35] EDIT Cifras/static/css/cifra.css: 0
[2013-10-06 18:43:48] EDIT Cifras/static/css/cifra.css: 0
[2013-10-06 18:44:55] EDIT Cifras/static/css/cifra.css: 1
[2013-10-06 18:44:57] EDIT Cifras/static/css/cifra.css: 0
[2013-10-06 18:45:17] EDIT Cifras/static/css/cifra.css: 1
[2013-10-06 18:45:25] EDIT Cifras/static/css/cifra.css: 0
[2013-10-06 18:45:34] EDIT Cifras/static/css/cifra.css: 0
[2013-10-06 18:47:30] EDIT Cifras/static/css/cifra.css: 0
[2013-10-06 18:48:25] EDIT Cifras/static/css/cifra.css: 2
[2013-10-06 18:48:52] EDIT Cifras/static/css/cifra.css: 1
[2013-10-06 18:49:45] EDIT Cifras/static/css/cifra.css: 0
[2013-10-06 18:50:08] EDIT Cifras/static/css/cifra.css: 1
[2013-10-06 18:51:21] EDIT Cifras/static/css/cifra.css: 2
[2013-10-06 18:52:36] EDIT Cifras/static/css/cifra.css: 0
[2013-10-06 18:54:50] EDIT Cifras/static/css/cifra.css: -3
[2013-10-06 18:55:03] EDIT Cifras/static/css/cifra.css: 0
[2013-10-06 18:56:25] EDIT Cifras/static/css/cifra.css: 0
[2013-10-06 18:56:45] EDIT Cifras/static/css/cifra.css: 0
[2013-10-06 18:56:52] EDIT Cifras/static/css/cifra.css: 0
[2013-10-06 18:57:02] EDIT Cifras/static/css/cifra.css: 0
[2013-10-06 18:57:18] EDIT Cifras/static/css/cifra.css: 0
[2013-10-06 18:57:24] EDIT Cifras/static/css/cifra.css: 0
[2013-10-06 18:57:56] EDIT Cifras/static/css/cifra.css: 0
[2013-10-06 18:58:31] EDIT Cifras/static/css/cifra.css: 0
[2013-10-06 18:58:47] EDIT Cifras/static/css/cifra.css: 0
[2013-10-06 18:58:58] EDIT Cifras/static/css/cifra.css: -2
[2013-10-06 18:59:38] EDIT Cifras/static/css/cifra.css: 3
[2013-10-06 19:00:02] EDIT Cifras/static/css/cifra.css: 0
[2013-10-06 19:00:18] EDIT Cifras/static/css/cifra.css: 0
[2013-10-06 19:01:23] EDIT Cifras/static/css/cifra.css: 0
[2013-10-06 19:01:31] EDIT Cifras/static/css/cifra.css: 0
[2013-10-06 19:01:55] EDIT Cifras/static/css/cifra.css: 0
[2013-10-06 19:01:57] EDIT Cifras/static/css/cifra.css: 0
[2013-10-06 19:02:19] EDIT Cifras/static/css/cifra.css: 1
[2013-10-06 19:02:32] EDIT Cifras/static/css/cifra.css: 0
[2013-10-06 19:04:20] EDIT Cifras/static/css/cifra.css: 7
[2013-10-06 19:10:59] EDIT Cifras/static/css/cifra.css: 0
[2013-10-06 19:36:36] EDIT Cifras/views/default/cifra.html: 13
[2013-10-07 00:28:45] EDIT Cifras/views/default/cifra.html: -13
[2013-10-07 00:30:05] EDIT Cifras/views/layout.html: 1
[2013-10-07 00:30:41] EDIT Cifras/views/default/cifra.html: 13
[2013-10-07 00:31:09] EDIT Cifras/views/default/cifra.html: -1
