[2013-11-06 17:01:31] START
[2013-11-06 17:03:43] EDIT processos/controllers/default.py: 42
[2013-11-06 17:04:12] EDIT processos/models/db.py: -4
[2013-11-06 17:04:48] CREATE tj.py: 0
[2013-11-06 17:04:53] EDIT processos/modules/tj.py: 70
[2013-11-06 17:10:36] CREATE default/cadastro.html: 0
[2013-11-06 17:10:59] EDIT processos/views/default/cadastro.html: -1
[2013-11-06 17:11:14] CREATE default/cadastro_final.html: 0
[2013-11-06 17:11:24] EDIT processos/views/default/cadastro_final.html: -1
[2013-11-06 17:11:42] CREATE default/escolhe_processo.html: 0
[2013-11-06 17:11:52] EDIT processos/views/default/escolhe_processo.html: 0
[2013-11-06 17:12:08] CREATE default/pesquisa.html: 0
[2013-11-06 17:12:15] EDIT processos/views/default/pesquisa.html: -1
[2013-11-06 17:12:33] CREATE default/result.html: 0
[2013-11-06 17:12:41] EDIT processos/views/default/result.html: 0
[2013-11-06 17:15:29] EDIT processos/models/db.py: 0
[2013-11-06 17:23:24] EDIT processos/models/menu.py: 0
[2013-11-06 17:38:48] EDIT processos/controllers/default.py: 1
[2013-11-06 18:07:40] EDIT processos/models/db.py: 0
[2013-11-06 18:23:43] EDIT processos/models/db.py: 8
[2013-11-06 18:23:52] EDIT processos/models/db.py: 0
[2013-11-06 18:24:18] EDIT processos/models/db.py: -8
[2013-11-06 18:24:54] EDIT processos/models/db.py: 8
[2013-11-06 19:13:47] EDIT processos/models/db.py: -8
[2013-11-06 19:19:19] EDIT processos/models/db.py: 0
[2013-11-06 19:30:26] EDIT processos/models/db.py: 0
[2013-11-06 19:32:10] EDIT processos/models/db.py: 0
[2013-11-06 19:34:12] EDIT processos/models/db.py: 0
[2013-11-06 19:36:11] EDIT processos/models/db.py: 1
[2013-11-06 19:51:17] EDIT processos/models/db.py: -1
[2013-11-06 20:08:39] EDIT processos/models/db.py: 0
[2013-11-06 20:33:12] EDIT processos/models/db.py: 0
[2013-11-06 20:34:22] EDIT processos/models/db.py: 0
[2013-11-06 20:34:37] EDIT processos/models/db.py: 0
[2013-11-06 20:41:25] EDIT processos/models/db.py: 0
[2013-11-06 20:41:32] EDIT processos/models/db.py: 0
[2013-11-06 20:43:14] EDIT processos/models/db.py: 0
[2013-11-06 20:45:14] EDIT processos/models/db.py: 0
[2013-11-07 15:43:09] EDIT processos/views/default/index.html: -31
[2013-11-07 15:43:22] EDIT processos/views/default/index.html: 1
[2013-11-07 16:40:58] EDIT processos/views/default/index.html: 0
[2013-11-07 16:44:21] EDIT processos/controllers/default.py: 0
[2013-11-07 16:44:45] EDIT processos/controllers/default.py: 0
[2013-11-07 16:45:26] EDIT processos/views/default/index.html: 0
[2013-11-07 16:45:56] EDIT processos/views/default/index.html: 0
[2013-11-07 16:55:49] EDIT processos/views/default/index.html: 0
[2013-11-07 16:57:40] EDIT processos/controllers/default.py: 1
[2013-11-07 16:58:08] EDIT processos/controllers/default.py: 0
[2013-11-07 16:58:20] EDIT processos/controllers/default.py: 0
[2013-11-07 16:58:42] EDIT processos/controllers/default.py: 0
[2013-11-07 16:59:11] EDIT processos/controllers/default.py: 0
[2013-11-07 17:06:30] EDIT processos/models/db.py: 1
[2013-11-07 17:07:45] EDIT processos/models/db.py: 0
[2013-11-07 17:09:18] EDIT processos/models/db.py: 0
[2013-11-07 17:09:53] EDIT processos/models/db.py: 0
[2013-11-07 17:10:03] EDIT processos/models/db.py: 0
[2013-11-07 17:10:54] EDIT processos/controllers/default.py: 1
[2013-11-07 17:14:16] EDIT processos/controllers/default.py: -2
[2013-11-07 17:14:39] EDIT processos/controllers/default.py: 0
[2013-11-07 17:14:47] EDIT processos/controllers/default.py: 0
[2013-11-07 17:15:13] EDIT processos/controllers/default.py: 0
[2013-11-07 17:15:25] EDIT processos/controllers/default.py: 0
[2013-11-07 17:15:50] EDIT processos/controllers/default.py: 0
[2013-11-07 17:16:51] EDIT processos/controllers/default.py: 2
[2013-11-07 17:22:28] EDIT processos/controllers/default.py: -2
[2013-11-07 17:23:25] EDIT processos/controllers/default.py: 0
[2013-11-07 17:23:51] EDIT processos/controllers/default.py: 1
[2013-11-07 17:24:15] EDIT processos/views/default/index.html: 1
[2013-11-07 17:24:35] EDIT processos/views/default/index.html: 0
[2013-11-07 17:25:22] EDIT processos/views/default/index.html: 0
[2013-11-07 17:25:45] EDIT processos/views/default/index.html: 0
[2013-11-07 17:25:57] EDIT processos/views/default/index.html: 0
[2013-11-07 17:26:30] EDIT processos/models/db.py: 1
[2013-11-07 17:26:41] EDIT processos/views/default/index.html: -1
[2013-11-07 17:26:54] EDIT processos/views/default/index.html: 0
[2013-11-07 17:28:04] EDIT processos/views/default/index.html: 0
[2013-11-07 17:29:00] EDIT processos/views/default/index.html: 0
[2013-11-07 17:30:17] EDIT processos/views/default/index.html: 0
[2013-11-07 17:30:45] EDIT processos/views/default/index.html: 0
[2013-11-07 17:32:10] EDIT processos/views/default/index.html: 0
[2013-11-07 17:32:31] EDIT processos/views/default/index.html: 0
[2013-11-07 17:32:44] EDIT processos/views/default/index.html: 0
[2013-11-07 17:33:42] EDIT processos/views/default/index.html: 1
[2013-11-07 17:33:59] EDIT processos/views/default/index.html: 0
[2013-11-07 17:35:13] EDIT processos/views/default/index.html: 1
[2013-11-07 17:35:34] EDIT processos/views/default/index.html: 0
[2013-11-07 17:36:20] EDIT processos/views/default/index.html: 0
[2013-11-07 17:37:05] EDIT processos/views/default/index.html: 0
[2013-11-07 17:37:32] EDIT processos/views/default/index.html: 0
[2013-11-07 17:38:56] EDIT processos/views/default/index.html: 0
[2013-11-07 17:40:00] EDIT processos/views/default/index.html: 0
[2013-11-07 17:41:03] EDIT processos/views/default/index.html: 1
[2013-11-07 17:42:03] EDIT processos/views/default/index.html: 0
[2013-11-07 17:42:13] EDIT processos/views/default/index.html: 0
[2013-11-07 17:43:26] EDIT processos/views/default/index.html: 0
[2013-11-07 17:45:59] EDIT processos/views/default/index.html: 1
[2013-11-07 17:46:51] EDIT processos/controllers/default.py: 1
[2013-11-07 17:48:35] EDIT processos/controllers/default.py: -1
[2013-11-07 17:48:51] EDIT processos/controllers/default.py: 0
[2013-11-07 17:51:09] EDIT processos/controllers/default.py: 1
[2013-11-07 17:51:49] EDIT processos/views/default/index.html: -1
[2013-11-07 17:51:59] EDIT processos/controllers/default.py: -2
[2013-11-07 17:52:56] EDIT processos/views/default/index.html: -1
[2013-11-07 17:53:14] EDIT processos/views/default/index.html: 1
[2013-11-07 17:53:31] EDIT processos/views/default/index.html: 0
[2013-11-07 17:53:51] EDIT processos/views/default/index.html: 0
[2013-11-07 17:54:11] EDIT processos/views/default/index.html: 0
[2013-11-07 17:54:47] EDIT processos/views/default/index.html: 0
[2013-11-07 17:55:15] EDIT processos/views/default/index.html: 0
[2013-11-07 17:55:50] EDIT processos/views/default/index.html: 0
[2013-11-07 17:56:21] EDIT processos/views/default/index.html: 0
[2013-11-07 17:56:34] EDIT processos/views/default/index.html: 0
[2013-11-07 19:56:53] EDIT processos/views/default/index.html: 1
[2013-11-07 19:57:22] EDIT processos/views/default/index.html: 0
[2013-11-07 19:57:45] EDIT processos/views/default/index.html: 0
[2013-11-07 19:58:04] EDIT processos/views/default/index.html: -1
[2013-11-07 20:03:39] EDIT processos/views/default/index.html: 18
[2013-11-07 20:04:19] EDIT processos/views/default/index.html: 0
[2013-11-07 20:04:42] EDIT processos/views/default/index.html: 0
[2013-11-07 20:06:30] EDIT processos/views/default/index.html: 6
[2013-11-07 20:06:52] EDIT processos/views/default/index.html: 0
[2013-11-07 20:09:43] EDIT processos/views/default/result.html: 0
[2013-11-07 20:10:06] EDIT processos/views/default/result.html: 0
[2013-11-07 20:10:39] EDIT processos/views/default/result.html: -1
[2013-11-07 20:11:08] EDIT processos/views/default/result.html: 1
[2013-11-07 20:11:52] EDIT processos/views/default/result.html: 0
[2013-11-07 20:12:03] EDIT processos/views/default/result.html: -1
[2013-11-07 20:12:43] EDIT processos/views/default/result.html: 23
[2013-11-07 20:13:02] EDIT processos/views/default/result.html: -23
[2013-11-07 20:15:04] EDIT processos/views/default/result.html: 23
[2013-11-07 20:16:19] EDIT processos/views/default/result.html: 1
[2013-11-07 20:53:16] EDIT processos/views/default/index.html: 22
[2013-11-07 20:55:52] EDIT processos/views/default/index.html: 2
[2013-11-07 20:56:59] EDIT processos/views/default/index.html: 0
[2013-11-07 20:58:02] EDIT processos/views/default/index.html: -1
[2013-11-07 20:58:39] EDIT processos/views/default/index.html: 0
[2013-11-07 21:01:06] EDIT processos/views/default/index.html: 0
[2013-11-07 21:01:25] EDIT processos/views/default/index.html: 0
[2013-11-07 21:01:41] EDIT processos/views/default/index.html: 0
[2013-11-07 21:01:48] EDIT processos/views/default/index.html: 0
[2013-11-08 16:34:42] EDIT processos/modules/tj.py: 0
[2013-11-11 18:51:47] EDIT processos/controllers/default.py: 2
[2013-11-11 19:00:50] EDIT processos/controllers/default.py: -2
[2013-11-11 19:01:12] EDIT processos/views/default/index.html: 1
[2013-11-11 19:01:45] EDIT processos/controllers/default.py: 0
[2013-11-11 19:02:08] EDIT processos/controllers/default.py: 0
[2013-11-11 19:03:06] EDIT processos/controllers/default.py: 0
[2013-11-11 19:04:06] EDIT processos/controllers/default.py: 0
[2013-11-11 19:04:27] EDIT processos/controllers/default.py: 0
[2013-11-11 19:04:50] EDIT processos/controllers/default.py: 0
[2013-11-11 19:05:10] EDIT processos/controllers/default.py: 0
[2013-11-11 19:05:48] EDIT processos/controllers/default.py: 1
[2013-11-11 19:06:05] EDIT processos/views/default/index.html: 1
[2013-11-11 19:06:19] EDIT processos/views/default/index.html: 1
[2013-11-11 19:06:32] EDIT processos/controllers/default.py: 0
[2013-11-11 19:06:44] EDIT processos/controllers/default.py: 0
[2013-11-11 19:08:21] EDIT processos/controllers/default.py: 0
[2013-11-11 19:08:43] EDIT processos/controllers/default.py: 0
[2013-11-11 19:09:10] EDIT processos/controllers/default.py: 0
[2013-11-11 19:09:28] EDIT processos/controllers/default.py: 0
[2013-11-11 19:09:52] EDIT processos/controllers/default.py: 0
[2013-11-11 19:12:09] EDIT processos/views/default/index.html: 2
[2013-11-11 19:12:55] EDIT processos/controllers/default.py: -1
[2013-11-11 19:13:40] EDIT processos/controllers/default.py: 1
[2013-11-11 19:13:51] EDIT processos/controllers/default.py: 0
[2013-11-11 19:15:47] EDIT processos/controllers/default.py: 2
[2013-11-11 19:21:54] EDIT processos/controllers/default.py: 0
[2013-11-11 19:22:06] EDIT processos/controllers/default.py: 0
[2013-11-11 19:22:23] EDIT processos/controllers/default.py: 0
[2013-11-11 19:22:34] EDIT processos/controllers/default.py: 0
[2013-11-11 19:23:20] EDIT processos/views/default/index.html: 1
[2013-11-11 19:24:45] EDIT processos/views/default/index.html: 1
[2013-11-11 19:25:00] EDIT processos/views/default/index.html: -2
[2013-11-11 19:25:13] EDIT processos/views/default/index.html: 0
[2013-11-11 19:27:10] EDIT processos/views/default/index.html: 2
[2013-11-11 19:28:00] EDIT processos/views/default/index.html: 0
[2013-11-11 19:29:25] EDIT processos/views/default/index.html: 1
[2013-11-11 19:31:05] EDIT processos/views/default/index.html: 2
[2013-11-11 19:32:45] EDIT processos/views/default/index.html: -2
[2013-11-11 19:33:02] EDIT processos/views/default/index.html: 2
[2013-11-11 19:33:30] EDIT processos/views/default/index.html: -2
[2013-11-11 19:33:58] EDIT processos/views/default/index.html: 0
[2013-11-11 19:34:14] EDIT processos/views/default/index.html: 0
[2013-11-11 19:34:26] EDIT processos/views/default/index.html: 0
[2013-11-11 19:34:50] EDIT processos/views/default/index.html: 0
[2013-11-11 19:36:01] EDIT processos/views/default/index.html: 4
[2013-11-11 19:36:15] EDIT processos/views/default/index.html: -3
[2013-11-11 19:50:59] EDIT processos/controllers/default.py: 14
[2013-11-11 19:52:21] EDIT processos/controllers/default.py: 3
